11984 execve("./1", ["./1"], 0x7ffcf01ec6b8 /* 76 vars */) = 0
11984 brk(NULL)                         = 0x56546ac36000
11984 access("/etc/ld.so.nohwcap", F_OK) = -1 ENOENT (No such file or directory)
11984 access("/etc/ld.so.preload", R_OK) = -1 ENOENT (No such file or directory)
11984 openat(AT_FDCWD, "/etc/ld.so.cache", O_RDONLY|O_CLOEXEC) = 3
11984 fstat(3, {st_mode=S_IFREG|0644, st_size=97636, ...}) = 0
11984 mmap(NULL, 97636, PROT_READ, MAP_PRIVATE, 3, 0) = 0x7fea4c998000
11984 close(3)                          = 0
11984 access("/etc/ld.so.nohwcap", F_OK) = -1 ENOENT (No such file or directory)
11984 openat(AT_FDCWD, "/lib/x86_64-linux-gnu/libc.so.6", O_RDONLY|O_CLOEXEC) = 3
11984 read(3, "\177ELF\2\1\1\3\0\0\0\0\0\0\0\0\3\0>\0\1\0\0\0\260\34\2\0\0\0\0\0"..., 832) = 832
11984 fstat(3, {st_mode=S_IFREG|0755, st_size=2030544, ...}) = 0
11984 mmap(NULL, 8192, PROT_READ|PROT_WRITE, MAP_PRIVATE|MAP_ANONYMOUS, -1, 0) = 0x7fea4c9b5000
11984 mmap(NULL, 4131552, PROT_READ|PROT_EXEC, MAP_PRIVATE|MAP_DENYWRITE, 3, 0) = 0x7fea4c398000
11984 mprotect(0x7fea4c57f000, 2097152, PROT_NONE) = 0
11984 mmap(0x7fea4c77f000, 24576, PROT_READ|PROT_WRITE, MAP_PRIVATE|MAP_FIXED|MAP_DENYWRITE, 3, 0x1e7000) = 0x7fea4c77f000
11984 mmap(0x7fea4c785000, 15072, PROT_READ|PROT_WRITE, MAP_PRIVATE|MAP_FIXED|MAP_ANONYMOUS, -1, 0) = 0x7fea4c785000
11984 close(3)                          = 0
11984 arch_prctl(ARCH_SET_FS, 0x7fea4c9b64c0) = 0
11984 mprotect(0x7fea4c77f000, 16384, PROT_READ) = 0
11984 mprotect(0x56546a313000, 4096, PROT_READ) = 0
11984 mprotect(0x7fea4c9b7000, 4096, PROT_READ) = 0
11984 munmap(0x7fea4c998000, 97636)     = 0
11984 getppid()                         = 11982
11984 getpid()                          = 11984
11984 fstat(1, {st_mode=S_IFCHR|0620, st_rdev=makedev(136, 0), ...}) = 0
11984 brk(NULL)                         = 0x56546ac36000
11984 brk(0x56546ac57000)               = 0x56546ac57000
11984 write(1, "11984 11982\n", 12)     = 12
11984 getpid()                          = 11984
11984 clone(child_stack=NULL, flags=CLONE_CHILD_CLEARTID|CLONE_CHILD_SETTID|SIGCHLD, child_tidptr=0x7fea4c9b6790) = 11985
11984 getpid()                          = 11984
11984 nanosleep({tv_sec=1, tv_nsec=0},  <unfinished ...>
11985 getpid()                          = 11985
11985 getppid()                         = 11984
11985 getpid()                          = 11985
11985 write(1, "11985 11984\n", 12)     = 12
11985 exit_group(0)                     = ?
11985 +++ exited with 0 +++
11984 <... nanosleep resumed> {tv_sec=0, tv_nsec=997765581}) = ? ERESTART_RESTARTBLOCK (Interrupted by signal)
11984 --- SIGCHLD {si_signo=SIGCHLD, si_code=CLD_EXITED, si_pid=11985, si_uid=1000, si_status=0, si_utime=0, si_stime=0} ---
11984 restart_syscall(<... resuming interrupted nanosleep ...>) = 0
11984 getppid()                         = 11982
11984 getpid()                          = 11984
11984 write(1, "11984 11982\n", 12)     = 12
11984 exit_group(0)                     = ?
11984 +++ exited with 0 +++
